<?xml version="1.0" encoding="UTF-8"?>
<!-- Generated by org.testng.reporters.JUnitReportReporter -->
<testsuite hostname="MCM-PC" failures="0" tests="4" name="testNgKeyWords.TimeOut" time="0.146" errors="0" timestamp="2022-11-17T08:41:27 IST" skipped="0">
  <testcase classname="testNgKeyWords.TimeOut" name="B" time="0.002"/>
  <system-out>
    <![CDATA[B method is running]]>
  </system-out>
  <testcase classname="testNgKeyWords.TimeOut" name="C" time="0.002"/>
  <system-out>
    <![CDATA[C method is running]]>
  </system-out>
  <testcase classname="testNgKeyWords.TimeOut" name="D" time="0.112"/>
  <system-out>
    <![CDATA[D method is running]]>
  </system-out>
  <testcase classname="testNgKeyWords.TimeOut" name="A" time="0.030"/>
  <system-out>
    <![CDATA[A method is running]]>
  </system-out>
</testsuite> <!-- testNgKeyWords.TimeOut -->
