<?xml version="1.0" encoding="UTF-8"?>
<!-- Generated by org.testng.reporters.JUnitReportReporter -->
<testsuite hostname="MCM-PC" failures="0" tests="2" name="testNgXML.Testing2" time="0.003" errors="0" timestamp="2022-11-21T22:36:12 IST" skipped="0">
  <testcase classname="testNgXML.Testing2" name="F" time="0.001"/>
  <system-out>
    <![CDATA[F method is running]]>
  </system-out>
  <testcase classname="testNgXML.Testing2" name="H" time="0.002"/>
  <system-out>
    <![CDATA[H method is running]]>
  </system-out>
</testsuite> <!-- testNgXML.Testing2 -->
