<?xml version="1.0" encoding="UTF-8"?>
<!-- Generated by org.testng.reporters.JUnitReportReporter -->
<testsuite hostname="MCM-PC" failures="0" tests="1" name="TestNgStudy.ValidateUserID" time="0.011" errors="0" timestamp="2022-11-16T18:18:47 IST" skipped="0">
  <testcase classname="TestNgStudy.ValidateUserID" name="validateUpStoxUserID" time="0.011"/>
  <system-out>
    <![CDATA[User ID validated]]>
  </system-out>
</testsuite> <!-- TestNgStudy.ValidateUserID -->
