<?xml version="1.0" encoding="UTF-8"?>
<!-- Generated by org.testng.reporters.JUnitReportReporter -->
<testsuite hostname="MCM-PC" failures="0" tests="1" name="TestNgStudy.Testclass" time="0.021" errors="0" timestamp="2022-11-08T18:23:14 IST" skipped="0">
  <testcase classname="TestNgStudy.Testclass" name="A" time="0.021"/>
  <system-out>
    <![CDATA[hi tc is running-----> by log
hi tc is running-----> by log true]]>
  </system-out>
</testsuite> <!-- TestNgStudy.Testclass -->
