<?xml version="1.0" encoding="UTF-8"?>
<!-- Generated by org.testng.reporters.JUnitReportReporter -->
<testsuite hostname="MCM-PC" failures="0" tests="5" name="testNgKeyWords.InvocationCount" time="0.055" errors="0" timestamp="2022-11-16T18:17:24 IST" skipped="0">
  <testcase classname="testNgKeyWords.InvocationCount" name="myMethod" time="0.003"/>
  <system-out>
    <![CDATA[My Method is running]]>
  </system-out>
  <testcase classname="testNgKeyWords.InvocationCount" name="myMethod" time="0.002"/>
  <system-out>
    <![CDATA[My Method is running]]>
  </system-out>
  <testcase classname="testNgKeyWords.InvocationCount" name="myMethod" time="0.046"/>
  <system-out>
    <![CDATA[My Method is running]]>
  </system-out>
  <testcase classname="testNgKeyWords.InvocationCount" name="myMethod" time="0.002"/>
  <system-out>
    <![CDATA[My Method is running]]>
  </system-out>
  <testcase classname="testNgKeyWords.InvocationCount" name="myMethod" time="0.002"/>
  <system-out>
    <![CDATA[My Method is running]]>
  </system-out>
</testsuite> <!-- testNgKeyWords.InvocationCount -->
