<?xml version="1.0" encoding="UTF-8"?>
<!-- Generated by org.testng.reporters.JUnitReportReporter -->
<testsuite hostname="MCM-PC" failures="0" tests="2" name="TestNgStudy.TestNGAnnotations" time="0.022" errors="0" timestamp="2022-11-16T08:59:08 IST" skipped="0">
  <testcase classname="TestNgStudy.TestNGAnnotations" name="mytest" time="0.020"/>
  <system-out>
    <![CDATA[Hi this is MyTest]]>
  </system-out>
  <testcase classname="TestNgStudy.TestNGAnnotations" name="mytest1" time="0.002"/>
  <system-out>
    <![CDATA[Hi this is MyTest1]]>
  </system-out>
</testsuite> <!-- TestNgStudy.TestNGAnnotations -->
