<?xml version="1.0" encoding="UTF-8"?>
<!-- Generated by org.testng.reporters.JUnitReportReporter -->
<testsuite hostname="MCM-PC" failures="0" tests="2" name="TestNgStudy.MyTestClass" time="78.788" errors="0" timestamp="2022-11-08T17:40:58 IST" skipped="0">
  <testcase classname="TestNgStudy.MyTestClass" name="zerodhaLogin" time="34.605"/>
  <system-out/>
  <testcase classname="TestNgStudy.MyTestClass" name="upstoxLogin" time="44.183"/>
  <system-out/>
</testsuite> <!-- TestNgStudy.MyTestClass -->
