<?xml version="1.0" encoding="UTF-8"?>
<!-- Generated by org.testng.reporters.JUnitReportReporter -->
<testsuite hostname="MCM-PC" failures="0" tests="2" name="testNgXML.Testing1" time="0.020" errors="0" timestamp="2022-11-21T22:36:12 IST" skipped="0">
  <testcase classname="testNgXML.Testing1" name="D" time="0.002"/>
  <system-out>
    <![CDATA[D method is running]]>
  </system-out>
  <testcase classname="testNgXML.Testing1" name="B" time="0.018"/>
  <system-out>
    <![CDATA[B method is running]]>
  </system-out>
</testsuite> <!-- testNgXML.Testing1 -->
