<?xml version="1.0" encoding="UTF-8"?>
<!-- Generated by org.testng.reporters.JUnitReportReporter -->
<testsuite hostname="MCM-PC" failures="0" tests="6" name="testNgKeyWords.DependsOn" time="0.166" errors="0" timestamp="2022-11-17T08:52:09 IST" skipped="0">
  <testcase classname="testNgKeyWords.DependsOn" name="A" time="0.007"/>
  <system-out>
    <![CDATA[A method is running]]>
  </system-out>
  <testcase classname="testNgKeyWords.DependsOn" name="A" time="0.006"/>
  <system-out>
    <![CDATA[A method is running]]>
  </system-out>
  <testcase classname="testNgKeyWords.DependsOn" name="D" time="0.103"/>
  <system-out>
    <![CDATA[D method is running]]>
  </system-out>
  <testcase classname="testNgKeyWords.DependsOn" name="B" time="0.029"/>
  <system-out>
    <![CDATA[B method is running]]>
  </system-out>
  <testcase classname="testNgKeyWords.DependsOn" name="A" time="0.009"/>
  <system-out>
    <![CDATA[A method is running]]>
  </system-out>
  <testcase classname="testNgKeyWords.DependsOn" name="C" time="0.012"/>
  <system-out>
    <![CDATA[C method is running]]>
  </system-out>
</testsuite> <!-- testNgKeyWords.DependsOn -->
