<?xml version="1.0" encoding="UTF-8"?>
<!-- Generated by org.testng.reporters.JUnitReportReporter -->
<testsuite hostname="MCM-PC" failures="0" tests="4" name="testNgKeyWords.priority" time="0.051" errors="0" timestamp="2022-11-16T18:17:51 IST" skipped="0">
  <testcase classname="testNgKeyWords.priority" name="D" time="0.023"/>
  <system-out>
    <![CDATA[D method is running]]>
  </system-out>
  <testcase classname="testNgKeyWords.priority" name="C" time="0.013"/>
  <system-out>
    <![CDATA[C method is running]]>
  </system-out>
  <testcase classname="testNgKeyWords.priority" name="B" time="0.010"/>
  <system-out>
    <![CDATA[B method is running]]>
  </system-out>
  <testcase classname="testNgKeyWords.priority" name="A" time="0.005"/>
  <system-out>
    <![CDATA[A method is running]]>
  </system-out>
</testsuite> <!-- testNgKeyWords.priority -->
